> Task :adapter-console:checkKotlinGradlePluginConfigurationErrors
> Task :core:checkKotlinGradlePluginConfigurationErrors
> Task :core:compileKotlin UP-TO-DATE
> Task :core:compileJava NO-SOURCE
> Task :core:processResources NO-SOURCE
> Task :core:classes UP-TO-DATE
> Task :core:jar UP-TO-DATE
> Task :adapter-console:processResources NO-SOURCE
> Task :adapter-console:koverFindJar
> Task :adapter-console:processTestResources NO-SOURCE
> Task :core:koverFindJar
> Task :core:processTestResources NO-SOURCE
> Task :core-test:checkKotlinGradlePluginConfigurationErrors
> Task :core-test:compileKotlin NO-SOURCE
> Task :core-test:compileJava NO-SOURCE
> Task :core-test:processResources NO-SOURCE
> Task :core-test:classes UP-TO-DATE
> Task :core-test:compileTestKotlin UP-TO-DATE
> Task :core-test:compileTestJava NO-SOURCE
> Task :core-test:koverFindJar UP-TO-DATE
> Task :core-test:processTestResources NO-SOURCE
> Task :core-test:testClasses UP-TO-DATE

> Task :core-test:test

P1_PoCScenarioTest > happy path no invariant violations with fee escrow and trophy flow() FAILED
    org.opentest4j.AssertionFailedError at P1_PoCScenarioTest.kt:295

P1_PoCScenarioTest > poc scenario basic contract flow end to end() FAILED
    org.opentest4j.AssertionFailedError at P1_PoCScenarioTest.kt:54

P1_TrophyPipelineTest > end to end trophy flow from resolve to sell() FAILED
    org.opentest4j.AssertionFailedError at P1_TrophyPipelineTest.kt:373

109 tests completed, 3 failed

> Task :core-test:test FAILED
> Task :core:compileTestKotlin
> Task :core:compileTestJava NO-SOURCE
> Task :core:testClasses UP-TO-DATE
> Task :adapter-console:compileKotlin
> Task :core:test
> Task :adapter-console:compileJava NO-SOURCE
> Task :adapter-console:classes UP-TO-DATE
> Task :adapter-console:compileTestKotlin
> Task :adapter-console:compileTestJava NO-SOURCE
> Task :adapter-console:testClasses UP-TO-DATE
> Task :adapter-console:test

[Incubating] Problems report is available at: file:///C:/Users/Leopard/IdeaProjects/Guilds-of-Bash/build/reports/problems/problems-report.html

FAILURE: Build failed with an exception.

* What went wrong:
Execution failed for task ':core-test:test'.
> There were failing tests. See the report at: file:///C:/Users/Leopard/IdeaProjects/Guilds-of-Bash/core-test/build/reports/tests/test/index.html

* Try:
> Run with --scan to get full insights.

Deprecated Gradle features were used in this build, making it incompatible with Gradle 9.0.

You can use '--warning-mode all' to show the individual deprecation warnings and determine if they come from your own scripts or plugins.

For more on this, please refer to https://docs.gradle.org/8.14/userguide/command_line_interface.html#sec:command_line_warnings in the Gradle documentation.

BUILD FAILED in 16s
15 actionable tasks: 11 executed, 4 up-to-date
